\BOOKMARK [0][-]{chapter*.1}{Abstract}{}% 1
\BOOKMARK [0][-]{chapter*.2}{List of Figures}{}% 2
\BOOKMARK [0][-]{chapter*.3}{List of Tables}{}% 3
\BOOKMARK [0][-]{section*.5}{Abbreviations}{}% 4
\BOOKMARK [0][-]{section*.7}{List of Terms}{}% 5
\BOOKMARK [0][-]{chapter.1}{Introduction to Wireless Communication Systems}{}% 6
\BOOKMARK [1][-]{section.1.1}{Introduction}{chapter.1}% 7
\BOOKMARK [1][-]{section.1.2}{Motivation}{chapter.1}% 8
\BOOKMARK [1][-]{section.1.3}{Problem statement}{chapter.1}% 9
\BOOKMARK [1][-]{section.1.4}{Objectives}{chapter.1}% 10
\BOOKMARK [1][-]{section.1.5}{Literature Review}{chapter.1}% 11
\BOOKMARK [2][-]{subsection.1.5.1}{Multicarrier Systems}{section.1.5}% 12
\BOOKMARK [2][-]{subsection.1.5.2}{Modulation and Precoding Schemes}{section.1.5}% 13
\BOOKMARK [2][-]{subsection.1.5.3}{Channel Modeling}{section.1.5}% 14
\BOOKMARK [2][-]{subsection.1.5.4}{Transceiver Architecture and Channel Loading Methods}{section.1.5}% 15
\BOOKMARK [1][-]{section.1.6}{Brief Methodology of the project}{chapter.1}% 16
\BOOKMARK [1][-]{section.1.7}{Assumptions made / Constraints of the project}{chapter.1}% 17
\BOOKMARK [1][-]{section.1.8}{Organization of the report}{chapter.1}% 18
\BOOKMARK [0][-]{chapter.2}{Theory and Fundamentals of MIMO and MCM}{}% 19
\BOOKMARK [1][-]{section.2.1}{The Need for MIMO}{chapter.2}% 20
\BOOKMARK [1][-]{section.2.2}{Diversity}{chapter.2}% 21
\BOOKMARK [1][-]{section.2.3}{Intersymbol Interference, Frequency Selective Fading and the need for MCM}{chapter.2}% 22
\BOOKMARK [1][-]{section.2.4}{Shortcomings of MCM and the need for OFDM}{chapter.2}% 23
\BOOKMARK [1][-]{section.2.5}{OFDM}{chapter.2}% 24
\BOOKMARK [2][-]{subsection.2.5.1}{Concept of OFDM}{section.2.5}% 25
\BOOKMARK [2][-]{subsection.2.5.2}{Advantages of OFDM}{section.2.5}% 26
\BOOKMARK [2][-]{subsection.2.5.3}{Disadvantages of OFDM}{section.2.5}% 27
\BOOKMARK [1][-]{section.2.6}{OFDM Transceiver System}{chapter.2}% 28
\BOOKMARK [1][-]{section.2.7}{Alamouti Coding Scheme}{chapter.2}% 29
\BOOKMARK [1][-]{section.2.8}{Inverse Channel Estimation}{chapter.2}% 30
\BOOKMARK [1][-]{section.2.9}{Singular Value Decomposition}{chapter.2}% 31
\BOOKMARK [0][-]{chapter.3}{Chapter 3 - Design of MCM and MIMO Processing Systems for Urban Communication}{}% 32
\BOOKMARK [1][-]{section.3.1}{Basic Overview of our system}{chapter.3}% 33
\BOOKMARK [1][-]{section.3.2}{Transmitter}{chapter.3}% 34
\BOOKMARK [2][-]{subsection.3.2.1}{PRBS Generator}{section.3.2}% 35
\BOOKMARK [2][-]{subsection.3.2.2}{Tone Loading Algorithm for the transmitter}{section.3.2}% 36
\BOOKMARK [2][-]{subsection.3.2.3}{QAM Modulator}{section.3.2}% 37
\BOOKMARK [2][-]{subsection.3.2.4}{Alamouti Coder}{section.3.2}% 38
\BOOKMARK [2][-]{subsection.3.2.5}{Inverse Channel Estimator and Coder}{section.3.2}% 39
\BOOKMARK [2][-]{subsection.3.2.6}{Singular Value Decomposition Coder}{section.3.2}% 40
\BOOKMARK [1][-]{section.3.3}{Channel Parameters}{chapter.3}% 41
\BOOKMARK [2][-]{subsection.3.3.1}{AWGN Noise}{section.3.3}% 42
\BOOKMARK [2][-]{subsection.3.3.2}{Rayleigh Fading}{section.3.3}% 43
\BOOKMARK [2][-]{subsection.3.3.3}{Path Loss Function}{section.3.3}% 44
\BOOKMARK [1][-]{section.3.4}{Receiver}{chapter.3}% 45
\BOOKMARK [2][-]{subsection.3.4.1}{Alamouti Decoder}{section.3.4}% 46
\BOOKMARK [2][-]{subsection.3.4.2}{QAM Demodulator}{section.3.4}% 47
\BOOKMARK [1][-]{section.3.5}{Different Systems}{chapter.3}% 48
\BOOKMARK [2][-]{subsection.3.5.1}{SISO System}{section.3.5}% 49
\BOOKMARK [2][-]{subsection.3.5.2}{MISO System}{section.3.5}% 50
\BOOKMARK [2][-]{subsection.3.5.3}{SIMO System}{section.3.5}% 51
\BOOKMARK [2][-]{subsection.3.5.4}{MIMO System}{section.3.5}% 52
\BOOKMARK [0][-]{chapter.4}{Results and Inferences}{}% 53
\BOOKMARK [1][-]{section.4.1}{SISO System Results}{chapter.4}% 54
\BOOKMARK [1][-]{section.4.2}{SIMO System Results}{chapter.4}% 55
\BOOKMARK [1][-]{section.4.3}{MISO System Results}{chapter.4}% 56
\BOOKMARK [1][-]{section.4.4}{MIMO System Results}{chapter.4}% 57
\BOOKMARK [0][-]{chapter.5}{Conclusion and Future Scope}{}% 58
\BOOKMARK [1][-]{section.5.1}{Concluding Remarks}{chapter.5}% 59
\BOOKMARK [1][-]{section.5.2}{Future Scope}{chapter.5}% 60
