This is pdfTeX, Version 3.14159265-2.6-1.40.21 (MiKTeX 20.12) (preloaded format=pdflatex 2020.12.18)  3 JAN 2021 15:11
entering extended mode
**"./Urban MCM.tex"
("Urban MCM.tex"
LaTeX2e <2020-10-01> patch level 2
L3 programming layer <2020-12-07> xparse <2020-03-03>
("C:\Program Files\MiKTeX 2.9\tex/latex/base\book.cls"
Document Class: book 2020/04/10 v1.4m Standard LaTeX document class
("C:\Program Files\MiKTeX 2.9\tex/latex/base\bk12.clo"
File: bk12.clo 2020/04/10 v1.4m Standard LaTeX file (size option)
)
\c@part=\count177
\c@chapter=\count178
\c@section=\count179
\c@subsection=\count180
\c@subsubsection=\count181
\c@paragraph=\count182
\c@subparagraph=\count183
\c@figure=\count184
\c@table=\count185
\abovecaptionskip=\skip47
\belowcaptionskip=\skip48
\bibindent=\dimen138
)
("Supporting Files/Packages.tex" (ecproject.sty
Package: ecproject 2020/04/11 v.3.0 an project report package for RVCE

("C:\Program Files\MiKTeX 2.9\tex/latex/graphics\graphicx.sty"
Package: graphicx 2020/09/09 v1.2b Enhanced LaTeX Graphics (DPC,SPQR)

("C:\Program Files\MiKTeX 2.9\tex/latex/graphics\keyval.sty"
Package: keyval 2014/10/28 v1.15 key=value parser (DPC)
\KV@toks@=\toks15
)
("C:\Program Files\MiKTeX 2.9\tex/latex/graphics\graphics.sty"
Package: graphics 2020/08/30 v1.4c Standard LaTeX Graphics (DPC,SPQR)

("C:\Program Files\MiKTeX 2.9\tex/latex/graphics\trig.sty"
Package: trig 2016/01/03 v1.10 sin cos tan (DPC)
)
("C:\Program Files\MiKTeX 2.9\tex/latex/graphics-cfg\graphics.cfg"
File: graphics.cfg 2016/06/04 v1.11 sample graphics configuration
)
Package graphics Info: Driver file: pdftex.def on input line 105.

("C:\Program Files\MiKTeX 2.9\tex/latex/graphics-def\pdftex.def"
File: pdftex.def 2020/10/05 v1.2a Graphics/color driver for pdftex
))
\Gin@req@height=\dimen139
\Gin@req@width=\dimen140
)
("C:\Program Files\MiKTeX 2.9\tex/latex/pgf/frontendlayer\tikz.sty"
("C:\Program Files\MiKTeX 2.9\tex/latex/pgf/basiclayer\pgf.sty"
("C:\Program Files\MiKTeX 2.9\tex/latex/pgf/utilities\pgfrcs.sty"
("C:\Program Files\MiKTeX 2.9\tex/generic/pgf/utilities\pgfutil-common.tex"
\pgfutil@everybye=\toks16
\pgfutil@tempdima=\dimen141
\pgfutil@tempdimb=\dimen142

("C:\Program Files\MiKTeX 2.9\tex/generic/pgf/utilities\pgfutil-common-lists.te
x")) ("C:\Program Files\MiKTeX 2.9\tex/generic/pgf/utilities\pgfutil-latex.def"
\pgfutil@abb=\box47
) ("C:\Program Files\MiKTeX 2.9\tex/generic/pgf/utilities\pgfrcs.code.tex"
("C:\Program Files\MiKTeX 2.9\tex/generic/pgf\pgf.revision.tex")
Package: pgfrcs 2020/12/01 v3.1.7a (3.1.7a)
))
Package: pgf 2020/12/01 v3.1.7a (3.1.7a)

("C:\Program Files\MiKTeX 2.9\tex/latex/pgf/basiclayer\pgfcore.sty"
("C:\Program Files\MiKTeX 2.9\tex/latex/pgf/systemlayer\pgfsys.sty"
("C:\Program Files\MiKTeX 2.9\tex/generic/pgf/systemlayer\pgfsys.code.tex"
Package: pgfsys 2020/12/01 v3.1.7a (3.1.7a)

("C:\Program Files\MiKTeX 2.9\tex/generic/pgf/utilities\pgfkeys.code.tex"
\pgfkeys@pathtoks=\toks17
\pgfkeys@temptoks=\toks18

("C:\Program Files\MiKTeX 2.9\tex/generic/pgf/utilities\pgfkeysfiltered.code.te
x"
\pgfkeys@tmptoks=\toks19
))
\pgf@x=\dimen143
\pgf@y=\dimen144
\pgf@xa=\dimen145
\pgf@ya=\dimen146
\pgf@xb=\dimen147
\pgf@yb=\dimen148
\pgf@xc=\dimen149
\pgf@yc=\dimen150
\pgf@xd=\dimen151
\pgf@yd=\dimen152
\w@pgf@writea=\write3
\r@pgf@reada=\read2
\c@pgf@counta=\count186
\c@pgf@countb=\count187
\c@pgf@countc=\count188
\c@pgf@countd=\count189
\t@pgf@toka=\toks20
\t@pgf@tokb=\toks21
\t@pgf@tokc=\toks22
\pgf@sys@id@count=\count190
 ("C:\Program Files\MiKTeX 2.9\tex/generic/pgf/systemlayer\pgf.cfg"
File: pgf.cfg 2020/12/01 v3.1.7a (3.1.7a)
)
Driver file for pgf: pgfsys-pdftex.def

("C:\Program Files\MiKTeX 2.9\tex/generic/pgf/systemlayer\pgfsys-pdftex.def"
File: pgfsys-pdftex.def 2020/12/01 v3.1.7a (3.1.7a)

("C:\Program Files\MiKTeX 2.9\tex/generic/pgf/systemlayer\pgfsys-common-pdf.def
"
File: pgfsys-common-pdf.def 2020/12/01 v3.1.7a (3.1.7a)
)))
("C:\Program Files\MiKTeX 2.9\tex/generic/pgf/systemlayer\pgfsyssoftpath.code.t
ex"
File: pgfsyssoftpath.code.tex 2020/12/01 v3.1.7a (3.1.7a)
\pgfsyssoftpath@smallbuffer@items=\count191
\pgfsyssoftpath@bigbuffer@items=\count192
)
("C:\Program Files\MiKTeX 2.9\tex/generic/pgf/systemlayer\pgfsysprotocol.code.t
ex"
File: pgfsysprotocol.code.tex 2020/12/01 v3.1.7a (3.1.7a)
)) ("C:\Program Files\MiKTeX 2.9\tex/latex/xcolor\xcolor.sty"
Package: xcolor 2016/05/11 v2.12 LaTeX color extensions (UK)

("C:\Program Files\MiKTeX 2.9\tex/latex/graphics-cfg\color.cfg"
File: color.cfg 2016/01/02 v1.6 sample color configuration
)
Package xcolor Info: Driver file: pdftex.def on input line 225.
Package xcolor Info: Model `cmy' substituted by `cmy0' on input line 1348.
Package xcolor Info: Model `hsb' substituted by `rgb' on input line 1352.
Package xcolor Info: Model `RGB' extended on input line 1364.
Package xcolor Info: Model `HTML' substituted by `rgb' on input line 1366.
Package xcolor Info: Model `Hsb' substituted by `hsb' on input line 1367.
Package xcolor Info: Model `tHsb' substituted by `hsb' on input line 1368.
Package xcolor Info: Model `HSB' substituted by `hsb' on input line 1369.
Package xcolor Info: Model `Gray' substituted by `gray' on input line 1370.
Package xcolor Info: Model `wave' substituted by `hsb' on input line 1371.
)
("C:\Program Files\MiKTeX 2.9\tex/generic/pgf/basiclayer\pgfcore.code.tex"
Package: pgfcore 2020/12/01 v3.1.7a (3.1.7a)

("C:\Program Files\MiKTeX 2.9\tex/generic/pgf/math\pgfmath.code.tex"
("C:\Program Files\MiKTeX 2.9\tex/generic/pgf/math\pgfmathcalc.code.tex"
("C:\Program Files\MiKTeX 2.9\tex/generic/pgf/math\pgfmathutil.code.tex")
("C:\Program Files\MiKTeX 2.9\tex/generic/pgf/math\pgfmathparser.code.tex"
\pgfmath@dimen=\dimen153
\pgfmath@count=\count193
\pgfmath@box=\box48
\pgfmath@toks=\toks23
\pgfmath@stack@operand=\toks24
\pgfmath@stack@operation=\toks25
)
("C:\Program Files\MiKTeX 2.9\tex/generic/pgf/math\pgfmathfunctions.code.tex"
("C:\Program Files\MiKTeX 2.9\tex/generic/pgf/math\pgfmathfunctions.basic.code.
tex")
("C:\Program Files\MiKTeX 2.9\tex/generic/pgf/math\pgfmathfunctions.trigonometr
ic.code.tex")
("C:\Program Files\MiKTeX 2.9\tex/generic/pgf/math\pgfmathfunctions.random.code
.tex")
("C:\Program Files\MiKTeX 2.9\tex/generic/pgf/math\pgfmathfunctions.comparison.
code.tex")
("C:\Program Files\MiKTeX 2.9\tex/generic/pgf/math\pgfmathfunctions.base.code.t
ex")
("C:\Program Files\MiKTeX 2.9\tex/generic/pgf/math\pgfmathfunctions.round.code.
tex")
("C:\Program Files\MiKTeX 2.9\tex/generic/pgf/math\pgfmathfunctions.misc.code.t
ex")
("C:\Program Files\MiKTeX 2.9\tex/generic/pgf/math\pgfmathfunctions.integerarit
hmetics.code.tex")))
("C:\Program Files\MiKTeX 2.9\tex/generic/pgf/math\pgfmathfloat.code.tex"
\c@pgfmathroundto@lastzeros=\count194
))
("C:\Program Files\MiKTeX 2.9\tex/generic/pgf/math\pgfint.code.tex")
("C:\Program Files\MiKTeX 2.9\tex/generic/pgf/basiclayer\pgfcorepoints.code.tex
"
File: pgfcorepoints.code.tex 2020/12/01 v3.1.7a (3.1.7a)
\pgf@picminx=\dimen154
\pgf@picmaxx=\dimen155
\pgf@picminy=\dimen156
\pgf@picmaxy=\dimen157
\pgf@pathminx=\dimen158
\pgf@pathmaxx=\dimen159
\pgf@pathminy=\dimen160
\pgf@pathmaxy=\dimen161
\pgf@xx=\dimen162
\pgf@xy=\dimen163
\pgf@yx=\dimen164
\pgf@yy=\dimen165
\pgf@zx=\dimen166
\pgf@zy=\dimen167
)
("C:\Program Files\MiKTeX 2.9\tex/generic/pgf/basiclayer\pgfcorepathconstruct.c
ode.tex"
File: pgfcorepathconstruct.code.tex 2020/12/01 v3.1.7a (3.1.7a)
\pgf@path@lastx=\dimen168
\pgf@path@lasty=\dimen169
)
("C:\Program Files\MiKTeX 2.9\tex/generic/pgf/basiclayer\pgfcorepathusage.code.
tex"
File: pgfcorepathusage.code.tex 2020/12/01 v3.1.7a (3.1.7a)
\pgf@shorten@end@additional=\dimen170
\pgf@shorten@start@additional=\dimen171
)
("C:\Program Files\MiKTeX 2.9\tex/generic/pgf/basiclayer\pgfcorescopes.code.tex
"
File: pgfcorescopes.code.tex 2020/12/01 v3.1.7a (3.1.7a)
\pgfpic=\box49
\pgf@hbox=\box50
\pgf@layerbox@main=\box51
\pgf@picture@serial@count=\count195
)
("C:\Program Files\MiKTeX 2.9\tex/generic/pgf/basiclayer\pgfcoregraphicstate.co
de.tex"
File: pgfcoregraphicstate.code.tex 2020/12/01 v3.1.7a (3.1.7a)
\pgflinewidth=\dimen172
)
("C:\Program Files\MiKTeX 2.9\tex/generic/pgf/basiclayer\pgfcoretransformations
.code.tex"
File: pgfcoretransformations.code.tex 2020/12/01 v3.1.7a (3.1.7a)
\pgf@pt@x=\dimen173
\pgf@pt@y=\dimen174
\pgf@pt@temp=\dimen175
)
("C:\Program Files\MiKTeX 2.9\tex/generic/pgf/basiclayer\pgfcorequick.code.tex"
File: pgfcorequick.code.tex 2020/12/01 v3.1.7a (3.1.7a)
)
("C:\Program Files\MiKTeX 2.9\tex/generic/pgf/basiclayer\pgfcoreobjects.code.te
x"
File: pgfcoreobjects.code.tex 2020/12/01 v3.1.7a (3.1.7a)
)
("C:\Program Files\MiKTeX 2.9\tex/generic/pgf/basiclayer\pgfcorepathprocessing.
code.tex"
File: pgfcorepathprocessing.code.tex 2020/12/01 v3.1.7a (3.1.7a)
)
("C:\Program Files\MiKTeX 2.9\tex/generic/pgf/basiclayer\pgfcorearrows.code.tex
"
File: pgfcorearrows.code.tex 2020/12/01 v3.1.7a (3.1.7a)
\pgfarrowsep=\dimen176
)
("C:\Program Files\MiKTeX 2.9\tex/generic/pgf/basiclayer\pgfcoreshade.code.tex"
File: pgfcoreshade.code.tex 2020/12/01 v3.1.7a (3.1.7a)
\pgf@max=\dimen177
\pgf@sys@shading@range@num=\count196
\pgf@shadingcount=\count197
) ("C:\Program Files\MiKTeX 2.9\tex/generic/pgf/basiclayer\pgfcoreimage.code.te
x"
File: pgfcoreimage.code.tex 2020/12/01 v3.1.7a (3.1.7a)

("C:\Program Files\MiKTeX 2.9\tex/generic/pgf/basiclayer\pgfcoreexternal.code.t
ex"
File: pgfcoreexternal.code.tex 2020/12/01 v3.1.7a (3.1.7a)
\pgfexternal@startupbox=\box52
))
("C:\Program Files\MiKTeX 2.9\tex/generic/pgf/basiclayer\pgfcorelayers.code.tex
"
File: pgfcorelayers.code.tex 2020/12/01 v3.1.7a (3.1.7a)
)
("C:\Program Files\MiKTeX 2.9\tex/generic/pgf/basiclayer\pgfcoretransparency.co
de.tex"
File: pgfcoretransparency.code.tex 2020/12/01 v3.1.7a (3.1.7a)
)
("C:\Program Files\MiKTeX 2.9\tex/generic/pgf/basiclayer\pgfcorepatterns.code.t
ex"
File: pgfcorepatterns.code.tex 2020/12/01 v3.1.7a (3.1.7a)
)
("C:\Program Files\MiKTeX 2.9\tex/generic/pgf/basiclayer\pgfcorerdf.code.tex"
File: pgfcorerdf.code.tex 2020/12/01 v3.1.7a (3.1.7a)
))) ("C:\Program Files\MiKTeX 2.9\tex/generic/pgf/modules\pgfmoduleshapes.code.
tex"
File: pgfmoduleshapes.code.tex 2020/12/01 v3.1.7a (3.1.7a)
\pgfnodeparttextbox=\box53
) ("C:\Program Files\MiKTeX 2.9\tex/generic/pgf/modules\pgfmoduleplot.code.tex"
File: pgfmoduleplot.code.tex 2020/12/01 v3.1.7a (3.1.7a)
)
("C:\Program Files\MiKTeX 2.9\tex/latex/pgf/compatibility\pgfcomp-version-0-65.
sty"
Package: pgfcomp-version-0-65 2020/12/01 v3.1.7a (3.1.7a)
\pgf@nodesepstart=\dimen178
\pgf@nodesepend=\dimen179
)
("C:\Program Files\MiKTeX 2.9\tex/latex/pgf/compatibility\pgfcomp-version-1-18.
sty"
Package: pgfcomp-version-1-18 2020/12/01 v3.1.7a (3.1.7a)
)) ("C:\Program Files\MiKTeX 2.9\tex/latex/pgf/utilities\pgffor.sty"
("C:\Program Files\MiKTeX 2.9\tex/latex/pgf/utilities\pgfkeys.sty"
("C:\Program Files\MiKTeX 2.9\tex/generic/pgf/utilities\pgfkeys.code.tex"))
("C:\Program Files\MiKTeX 2.9\tex/latex/pgf/math\pgfmath.sty"
("C:\Program Files\MiKTeX 2.9\tex/generic/pgf/math\pgfmath.code.tex"))
("C:\Program Files\MiKTeX 2.9\tex/generic/pgf/utilities\pgffor.code.tex"
Package: pgffor 2020/12/01 v3.1.7a (3.1.7a)

("C:\Program Files\MiKTeX 2.9\tex/generic/pgf/math\pgfmath.code.tex")
\pgffor@iter=\dimen180
\pgffor@skip=\dimen181
\pgffor@stack=\toks26
\pgffor@toks=\toks27
))
("C:\Program Files\MiKTeX 2.9\tex/generic/pgf/frontendlayer/tikz\tikz.code.tex"
Package: tikz 2020/12/01 v3.1.7a (3.1.7a)

("C:\Program Files\MiKTeX 2.9\tex/generic/pgf/libraries\pgflibraryplothandlers.
code.tex"
File: pgflibraryplothandlers.code.tex 2020/12/01 v3.1.7a (3.1.7a)
\pgf@plot@mark@count=\count198
\pgfplotmarksize=\dimen182
)
\tikz@lastx=\dimen183
\tikz@lasty=\dimen184
\tikz@lastxsaved=\dimen185
\tikz@lastysaved=\dimen186
\tikz@lastmovetox=\dimen187
\tikz@lastmovetoy=\dimen188
\tikzleveldistance=\dimen189
\tikzsiblingdistance=\dimen190
\tikz@figbox=\box54
\tikz@figbox@bg=\box55
\tikz@tempbox=\box56
\tikz@tempbox@bg=\box57
\tikztreelevel=\count199
\tikznumberofchildren=\count266
\tikznumberofcurrentchild=\count267
\tikz@fig@count=\count268

("C:\Program Files\MiKTeX 2.9\tex/generic/pgf/modules\pgfmodulematrix.code.tex"
File: pgfmodulematrix.code.tex 2020/12/01 v3.1.7a (3.1.7a)
\pgfmatrixcurrentrow=\count269
\pgfmatrixcurrentcolumn=\count270
\pgf@matrix@numberofcolumns=\count271
)
\tikz@expandcount=\count272

("C:\Program Files\MiKTeX 2.9\tex/generic/pgf/frontendlayer/tikz/libraries\tikz
librarytopaths.code.tex"
File: tikzlibrarytopaths.code.tex 2020/12/01 v3.1.7a (3.1.7a)
)))
("C:\Program Files\MiKTeX 2.9\tex/latex/xifthen\xifthen.sty"
Package: xifthen 2015/11/05 v1.4.0 Extended ifthen features

("C:\Program Files\MiKTeX 2.9\tex/latex/tools\calc.sty"
Package: calc 2017/05/25 v4.3 Infix arithmetic (KKT,FJ)
\calc@Acount=\count273
\calc@Bcount=\count274
\calc@Adimen=\dimen191
\calc@Bdimen=\dimen192
\calc@Askip=\skip49
\calc@Bskip=\skip50
LaTeX Info: Redefining \setlength on input line 80.
LaTeX Info: Redefining \addtolength on input line 81.
\calc@Ccount=\count275
\calc@Cskip=\skip51
)
("C:\Program Files\MiKTeX 2.9\tex/latex/base\ifthen.sty"
Package: ifthen 2014/09/29 v1.1c Standard LaTeX ifthen package (DPC)
)
("C:\Program Files\MiKTeX 2.9\tex/latex/ifmtarg\ifmtarg.sty"
Package: ifmtarg 2018/04/16 v1.2b check for an empty argument
))
("C:\Program Files\MiKTeX 2.9\tex/latex/fancyhdr\fancyhdr.sty"
Package: fancyhdr 2019/01/31 v3.10 Extensive control of page headers and footer
s
\f@nch@headwidth=\skip52
\f@nch@O@elh=\skip53
\f@nch@O@erh=\skip54
\f@nch@O@olh=\skip55
\f@nch@O@orh=\skip56
\f@nch@O@elf=\skip57
\f@nch@O@erf=\skip58
\f@nch@O@olf=\skip59
\f@nch@O@orf=\skip60
)
("C:\Program Files\MiKTeX 2.9\tex/latex/qrcode\qrcode.sty"
Package: qrcode 2015/01/08 v1.51 QR code generation

("C:\Program Files\MiKTeX 2.9\tex/latex/xkeyval\xkeyval.sty"
Package: xkeyval 2020/11/20 v2.8 package option processing (HA)

("C:\Program Files\MiKTeX 2.9\tex/generic/xkeyval\xkeyval.tex"
("C:\Program Files\MiKTeX 2.9\tex/generic/xkeyval\xkvutils.tex"
\XKV@toks=\toks28
\XKV@tempa@toks=\toks29
)
\XKV@depth=\count276
File: xkeyval.tex 2014/12/03 v2.7a key=value parser (HA)
))
\c@qr@i=\count277
\c@qr@j=\count278
\qr@a=\count279
\qr@b=\count280
\qr@c=\count281
\qr@for@depth=\count282
\qr@for@maxdepth=\count283
\qr@for@start=\count284
\qr@for@end=\count285
\qr@for@step=\count286
\qr@newforcount=\count287
\qr@newforcount=\count288
\qr@desiredheight=\skip61
\qr@modulesize=\skip62
\qr@minipagewidth=\skip63
\c@maski=\count289
\c@maskj=\count290
\c@totalones=\count291
\c@penaltyi=\count292
\c@penaltyii=\count293
\c@penaltyiii=\count294
\c@penaltyiv=\count295
\c@qr@hexchars=\count296
\qr@newforcount=\count297
\c@qr@divisionsremaining=\count298
))
("C:\Program Files\MiKTeX 2.9\tex/generic/pgf/frontendlayer/tikz/libraries\tikz
librarycalc.code.tex"
File: tikzlibrarycalc.code.tex 2020/12/01 v3.1.7a (3.1.7a)
)
("C:\Program Files\MiKTeX 2.9\tex/latex/geometry\geometry.sty"
Package: geometry 2020/01/02 v5.9 Page Geometry

("C:\Program Files\MiKTeX 2.9\tex/generic/iftex\ifvtex.sty"
Package: ifvtex 2019/10/25 v1.7 ifvtex legacy package. Use iftex instead.

("C:\Program Files\MiKTeX 2.9\tex/generic/iftex\iftex.sty"
Package: iftex 2020/03/06 v1.0d TeX engine tests
))
\Gm@cnth=\count299
\Gm@cntv=\count300
\c@Gm@tempcnt=\count301
\Gm@bindingoffset=\dimen193
\Gm@wd@mp=\dimen194
\Gm@odd@mp=\dimen195
\Gm@even@mp=\dimen196
\Gm@layoutwidth=\dimen197
\Gm@layoutheight=\dimen198
\Gm@layouthoffset=\dimen199
\Gm@layoutvoffset=\dimen256
\Gm@dimlist=\toks30

("C:\Program Files\MiKTeX 2.9\tex/latex/geometry\geometry.cfg"))
("C:\Program Files\MiKTeX 2.9\tex/latex/float\float.sty"
Package: float 2001/11/08 v1.3d Float enhancements (AL)
\c@float@type=\count302
\float@exts=\toks31
\float@box=\box58
\@float@everytoks=\toks32
\@floatcapt=\box59
)
("C:\Program Files\MiKTeX 2.9\tex/latex/hyperref\hyperref.sty"
Package: hyperref 2020-05-15 v7.00e Hypertext links for LaTeX

("C:\Program Files\MiKTeX 2.9\tex/generic/ltxcmds\ltxcmds.sty"
Package: ltxcmds 2020-05-10 v1.25 LaTeX kernel commands for general use (HO)
)
("C:\Program Files\MiKTeX 2.9\tex/generic/pdftexcmds\pdftexcmds.sty"
Package: pdftexcmds 2020-06-27 v0.33 Utility functions of pdfTeX for LuaTeX (HO
)

("C:\Program Files\MiKTeX 2.9\tex/generic/infwarerr\infwarerr.sty"
Package: infwarerr 2019/12/03 v1.5 Providing info/warning/error messages (HO)
)
Package pdftexcmds Info: \pdf@primitive is available.
Package pdftexcmds Info: \pdf@ifprimitive is available.
Package pdftexcmds Info: \pdfdraftmode found.
)
("C:\Program Files\MiKTeX 2.9\tex/generic/kvsetkeys\kvsetkeys.sty"
Package: kvsetkeys 2019/12/15 v1.18 Key value parser (HO)
)
("C:\Program Files\MiKTeX 2.9\tex/generic/kvdefinekeys\kvdefinekeys.sty"
Package: kvdefinekeys 2019-12-19 v1.6 Define keys (HO)
)
("C:\Program Files\MiKTeX 2.9\tex/generic/pdfescape\pdfescape.sty"
Package: pdfescape 2019/12/09 v1.15 Implements pdfTeX's escape features (HO)
)
("C:\Program Files\MiKTeX 2.9\tex/latex/hycolor\hycolor.sty"
Package: hycolor 2020-01-27 v1.10 Color options for hyperref/bookmark (HO)
)
("C:\Program Files\MiKTeX 2.9\tex/latex/letltxmacro\letltxmacro.sty"
Package: letltxmacro 2019/12/03 v1.6 Let assignment for LaTeX macros (HO)
)
("C:\Program Files\MiKTeX 2.9\tex/latex/auxhook\auxhook.sty"
Package: auxhook 2019-12-17 v1.6 Hooks for auxiliary files (HO)
)
("C:\Program Files\MiKTeX 2.9\tex/latex/kvoptions\kvoptions.sty"
Package: kvoptions 2020-10-07 v3.14 Key value format for package options (HO)
)
\@linkdim=\dimen257
\Hy@linkcounter=\count303
\Hy@pagecounter=\count304

("C:\Program Files\MiKTeX 2.9\tex/latex/hyperref\pd1enc.def"
File: pd1enc.def 2020-05-15 v7.00e Hyperref: PDFDocEncoding definition (HO)
Now handling font encoding PD1 ...
... no UTF-8 mapping file for font encoding PD1
)
("C:\Program Files\MiKTeX 2.9\tex/generic/intcalc\intcalc.sty"
Package: intcalc 2019/12/15 v1.3 Expandable calculations with integers (HO)
)
("C:\Program Files\MiKTeX 2.9\tex/generic/etexcmds\etexcmds.sty"
Package: etexcmds 2019/12/15 v1.7 Avoid name clashes with e-TeX commands (HO)
)
\Hy@SavedSpaceFactor=\count305
Package hyperref Info: Hyper figures OFF on input line 4464.
Package hyperref Info: Link nesting OFF on input line 4469.
Package hyperref Info: Hyper index ON on input line 4472.
Package hyperref Info: Plain pages OFF on input line 4479.
Package hyperref Info: Backreferencing OFF on input line 4484.
Package hyperref Info: Implicit mode ON; LaTeX internals redefined.
Package hyperref Info: Bookmarks ON on input line 4717.
\c@Hy@tempcnt=\count306

("C:\Program Files\MiKTeX 2.9\tex/latex/url\url.sty"
\Urlmuskip=\muskip16
Package: url 2013/09/16  ver 3.4  Verb mode for urls, etc.
)
LaTeX Info: Redefining \url on input line 5076.
\XeTeXLinkMargin=\dimen258

("C:\Program Files\MiKTeX 2.9\tex/generic/bitset\bitset.sty"
Package: bitset 2019/12/09 v1.3 Handle bit-vector datatype (HO)

("C:\Program Files\MiKTeX 2.9\tex/generic/bigintcalc\bigintcalc.sty"
Package: bigintcalc 2019/12/15 v1.5 Expandable calculations on big integers (HO
)
))
\Fld@menulength=\count307
\Field@Width=\dimen259
\Fld@charsize=\dimen260
Package hyperref Info: Hyper figures OFF on input line 6347.
Package hyperref Info: Link nesting OFF on input line 6352.
Package hyperref Info: Hyper index ON on input line 6355.
Package hyperref Info: backreferencing OFF on input line 6362.
Package hyperref Info: Link coloring OFF on input line 6367.
Package hyperref Info: Link coloring with OCG OFF on input line 6372.
Package hyperref Info: PDF/A mode OFF on input line 6377.
LaTeX Info: Redefining \ref on input line 6417.
LaTeX Info: Redefining \pageref on input line 6421.

("C:\Program Files\MiKTeX 2.9\tex/latex/base\atbegshi-ltx.sty"
Package: atbegshi-ltx 2020/08/17 v1.0a Emulation of the original atbegshi packa
ge
with kernel methods
)
\Hy@abspage=\count308
\c@Item=\count309
\c@Hfootnote=\count310
)
Package hyperref Info: Driver (autodetected): hpdftex.

("C:\Program Files\MiKTeX 2.9\tex/latex/hyperref\hpdftex.def"
File: hpdftex.def 2020-05-15 v7.00e Hyperref driver for pdfTeX

("C:\Program Files\MiKTeX 2.9\tex/latex/base\atveryend-ltx.sty"
Package: atveryend-ltx 2020/08/19 v1.0a Emulation of the original atvery packag
e
with kernel methods
)
\Fld@listcount=\count311
\c@bookmark@seq@number=\count312

("C:\Program Files\MiKTeX 2.9\tex/latex/rerunfilecheck\rerunfilecheck.sty"
Package: rerunfilecheck 2019/12/05 v1.9 Rerun checks for auxiliary files (HO)

("C:\Program Files\MiKTeX 2.9\tex/generic/uniquecounter\uniquecounter.sty"
Package: uniquecounter 2019/12/15 v1.4 Provide unlimited unique counter (HO)
)
Package uniquecounter Info: New unique counter `rerunfilecheck' on input line 2
86.
)
\Hy@SectionHShift=\skip64
)
("C:\Program Files\MiKTeX 2.9\tex/latex/glossaries/base\glossaries.sty"
Package: glossaries 2020/03/19 v4.46 (NLCT)

("C:\Program Files\MiKTeX 2.9\tex/latex/mfirstuc\mfirstuc.sty"
Package: mfirstuc 2017/11/14 v2.06 (NLCT)

("C:\Program Files\MiKTeX 2.9\tex/latex/etoolbox\etoolbox.sty"
Package: etoolbox 2020/10/05 v2.5k e-TeX tools for LaTeX (JAW)
\etb@tempcnta=\count313
)
\@glsmfirst=\toks33
\@glsmrest=\toks34
)
("C:\Program Files\MiKTeX 2.9\tex/latex/textcase\textcase.sty"
Package: textcase 2019/09/14 v1.00 Text only upper/lower case changing (DPC)
)
("C:\Program Files\MiKTeX 2.9\tex/latex/xfor\xfor.sty"
Package: xfor 2009/02/05 v1.05 (NLCT)
)
("C:\Program Files\MiKTeX 2.9\tex/latex/datatool\datatool-base.sty"
Package: datatool-base 2019/09/27 v2.32 (NLCT)

("C:\Program Files\MiKTeX 2.9\tex/latex/amsmath\amsmath.sty"
Package: amsmath 2020/09/23 v2.17i AMS math features
\@mathmargin=\skip65

For additional information on amsmath, use the `?' option.
("C:\Program Files\MiKTeX 2.9\tex/latex/amsmath\amstext.sty"
Package: amstext 2000/06/29 v2.01 AMS text

("C:\Program Files\MiKTeX 2.9\tex/latex/amsmath\amsgen.sty"
File: amsgen.sty 1999/11/30 v2.0 generic functions
\@emptytoks=\toks35
\ex@=\dimen261
))
("C:\Program Files\MiKTeX 2.9\tex/latex/amsmath\amsbsy.sty"
Package: amsbsy 1999/11/29 v1.2d Bold Symbols
\pmbraise@=\dimen262
)
("C:\Program Files\MiKTeX 2.9\tex/latex/amsmath\amsopn.sty"
Package: amsopn 2016/03/08 v2.02 operator names
)
\inf@bad=\count314
LaTeX Info: Redefining \frac on input line 234.
\uproot@=\count315
\leftroot@=\count316
LaTeX Info: Redefining \overline on input line 399.
\classnum@=\count317
\DOTSCASE@=\count318
LaTeX Info: Redefining \ldots on input line 496.
LaTeX Info: Redefining \dots on input line 499.
LaTeX Info: Redefining \cdots on input line 620.
\Mathstrutbox@=\box60
\strutbox@=\box61
\big@size=\dimen263
LaTeX Font Info:    Redeclaring font encoding OML on input line 743.
LaTeX Font Info:    Redeclaring font encoding OMS on input line 744.
\macc@depth=\count319
\c@MaxMatrixCols=\count320
\dotsspace@=\muskip17
\c@parentequation=\count321
\dspbrk@lvl=\count322
\tag@help=\toks36
\row@=\count323
\column@=\count324
\maxfields@=\count325
\andhelp@=\toks37
\eqnshift@=\dimen264
\alignsep@=\dimen265
\tagshift@=\dimen266
\tagwidth@=\dimen267
\totwidth@=\dimen268
\lineht@=\dimen269
\@envbody=\toks38
\multlinegap=\skip66
\multlinetaggap=\skip67
\mathdisplay@stack=\toks39
LaTeX Info: Redefining \[ on input line 2923.
LaTeX Info: Redefining \] on input line 2924.
)
("C:\Program Files\MiKTeX 2.9\tex/latex/substr\substr.sty"
Package: substr 2009/10/20 v1.2 Handle substrings
\c@su@anzahl=\count326
)
("C:\Program Files\MiKTeX 2.9\tex/latex/datatool\datatool-fp.sty"
Package: datatool-fp 2019/09/27 v2.32 (NLCT)

("C:\Program Files\MiKTeX 2.9\tex/latex/fp\fp.sty"
Package: fp 1995/04/02

`Fixed Point Package', Version 0.8, April 2, 1995 (C) Michael Mehlich
("C:\Program Files\MiKTeX 2.9\tex/latex/fp\defpattern.sty"
Package: defpattern 1994/10/12
\actioncount=\count327
)
("C:\Program Files\MiKTeX 2.9\tex/latex/fp\fp-basic.sty"
Package: fp-basic 1996/05/13
\FP@xs=\count328
\FP@xia=\count329
\FP@xib=\count330
\FP@xfa=\count331
\FP@xfb=\count332
\FP@rega=\count333
\FP@regb=\count334
\FP@regs=\count335
\FP@times=\count336
)
("C:\Program Files\MiKTeX 2.9\tex/latex/fp\fp-addons.sty"
Package: fp-addons 1995/03/15
)
("C:\Program Files\MiKTeX 2.9\tex/latex/fp\fp-snap.sty"
Package: fp-snap 1995/04/05
)
("C:\Program Files\MiKTeX 2.9\tex/latex/fp\fp-exp.sty"
Package: fp-exp 1995/04/03
)
("C:\Program Files\MiKTeX 2.9\tex/latex/fp\fp-trigo.sty"
Package: fp-trigo 1995/04/14
)
("C:\Program Files\MiKTeX 2.9\tex/latex/fp\fp-pas.sty"
Package: fp-pas 1994/08/29
)
("C:\Program Files\MiKTeX 2.9\tex/latex/fp\fp-random.sty"
Package: fp-random 1995/02/23
\FPseed=\count337
)
("C:\Program Files\MiKTeX 2.9\tex/latex/fp\fp-eqn.sty"
Package: fp-eqn 1995/04/03
)
("C:\Program Files\MiKTeX 2.9\tex/latex/fp\fp-upn.sty"
Package: fp-upn 1996/10/21
)
("C:\Program Files\MiKTeX 2.9\tex/latex/fp\fp-eval.sty"
Package: fp-eval 1995/04/03
)))
\@dtl@toks=\toks40
\@dtl@tmpcount=\count338
\dtl@tmplength=\skip68
\dtl@sortresult=\count339
\@dtl@numgrpsepcount=\count340
\@dtl@datatype=\count341
\dtl@codeA=\count342
\dtl@codeB=\count343
\@dtl@foreach@level=\count344
)
("C:\Program Files\MiKTeX 2.9\tex/latex/glossaries/base\glossaries-compatible-3
07.sty"
Package: glossaries-compatible-307 2020/03/19 v4.46 (NLCT)
)
\gls@level=\count345
\@gls@tmpb=\toks41
\gls@tmplen=\skip69
\glskeylisttok=\toks42
\glslabeltok=\toks43
\glsshorttok=\toks44
\glslongtok=\toks45

("C:\Program Files\MiKTeX 2.9\tex/latex/glossaries/styles\glossary-hypernav.sty
"
Package: glossary-hypernav 2020/03/19 v4.46 (NLCT)
) ("C:\Program Files\MiKTeX 2.9\tex/latex/glossaries/styles\glossary-list.sty"
Package: glossary-list 2020/03/19 v4.46 (NLCT)
\glslistdottedwidth=\skip70
) ("C:\Program Files\MiKTeX 2.9\tex/latex/glossaries/styles\glossary-long.sty"
Package: glossary-long 2020/03/19 v4.46 (NLCT)

("C:\Program Files\MiKTeX 2.9\tex/latex/tools\longtable.sty"
Package: longtable 2020/01/07 v4.13 Multi-page Table package (DPC)
\LTleft=\skip71
\LTright=\skip72
\LTpre=\skip73
\LTpost=\skip74
\LTchunksize=\count346
\LTcapwidth=\dimen270
\LT@head=\box62
\LT@firsthead=\box63
\LT@foot=\box64
\LT@lastfoot=\box65
\LT@cols=\count347
\LT@rows=\count348
\c@LT@tables=\count349
\c@LT@chunks=\count350
\LT@p@ftn=\toks46
)
\glsdescwidth=\skip75
\glspagelistwidth=\skip76
)
("C:\Program Files\MiKTeX 2.9\tex/latex/glossaries/styles\glossary-super.sty"
Package: glossary-super 2020/03/19 v4.46 (NLCT)

("C:\Program Files\MiKTeX 2.9\tex/latex/supertabular\supertabular.sty"
Package: supertabular 2020/02/02 v4.1g the supertabular environment
\c@tracingst=\count351
\ST@wd=\dimen271
\ST@rightskip=\skip77
\ST@leftskip=\skip78
\ST@parfillskip=\skip79
\ST@pageleft=\dimen272
\ST@headht=\dimen273
\ST@tailht=\dimen274
\ST@pagesofar=\dimen275
\ST@pboxht=\dimen276
\ST@lineht=\dimen277
\ST@prevht=\dimen278
\ST@toadd=\dimen279
\ST@dimen=\dimen280
\ST@pbox=\box66
))
("C:\Program Files\MiKTeX 2.9\tex/latex/glossaries/styles\glossary-tree.sty"
Package: glossary-tree 2020/03/19 v4.46 (NLCT)
\glstreeindent=\skip80
))
("C:\Program Files\MiKTeX 2.9\tex/latex/tools\indentfirst.sty"
Package: indentfirst 1995/11/23 v1.03 Indent first paragraph (DPC)
))
("C:\Program Files\MiKTeX 2.9\tex/latex/setspace\setspace.sty"
Package: setspace 2011/12/19 v6.7a set line spacing
)
\glswrite=\write4
\glo@main@file=\write5
\openout5 = `"Urban MCM.glo"'.

Package glossaries Info: Writing glossary file "Urban MCM".glo on input line 40
.
\glo@acronym@file=\write6
\openout6 = `"Urban MCM.acn"'.

Package glossaries Info: Writing glossary file "Urban MCM".acn on input line 40
.
\glo@symbolList@file=\write7
\openout7 = `"Urban MCM.sym2"'.

Package glossaries Info: Writing glossary file "Urban MCM".sym2 on input line 4
0.

("Supporting Files/Glossaries.tex")
("C:\Program Files\MiKTeX 2.9\tex/latex/biblatex\biblatex.sty"
Package: biblatex 2020/08/23 v3.15a programmable bibliographies (PK/MW)

("C:\Program Files\MiKTeX 2.9\tex/latex/logreq\logreq.sty"
Package: logreq 2010/08/04 v1.0 xml request logger
\lrq@indent=\count352

("C:\Program Files\MiKTeX 2.9\tex/latex/logreq\logreq.def"
File: logreq.def 2010/08/04 v1.0 logreq spec v1.0
))
\c@tabx@nest=\count353
\c@listtotal=\count354
\c@listcount=\count355
\c@liststart=\count356
\c@liststop=\count357
\c@citecount=\count358
\c@citetotal=\count359
\c@multicitecount=\count360
\c@multicitetotal=\count361
\c@instcount=\count362
\c@maxnames=\count363
\c@minnames=\count364
\c@maxitems=\count365
\c@minitems=\count366
\c@citecounter=\count367
\c@maxcitecounter=\count368
\c@savedcitecounter=\count369
\c@uniquelist=\count370
\c@uniquename=\count371
\c@refsection=\count372
\c@refsegment=\count373
\c@maxextratitle=\count374
\c@maxextratitleyear=\count375
\c@maxextraname=\count376
\c@maxextradate=\count377
\c@maxextraalpha=\count378
\c@abbrvpenalty=\count379
\c@highnamepenalty=\count380
\c@lownamepenalty=\count381
\c@maxparens=\count382
\c@parenlevel=\count383
\blx@tempcnta=\count384
\blx@tempcntb=\count385
\blx@tempcntc=\count386
\blx@maxsection=\count387
\blx@maxsegment@0=\count388
\blx@notetype=\count389
\blx@parenlevel@text=\count390
\blx@parenlevel@foot=\count391
\blx@sectionciteorder@0=\count392
\blx@entrysetcounter=\count393
\blx@biblioinstance=\count394
\labelnumberwidth=\skip81
\labelalphawidth=\skip82
\biblabelsep=\skip83
\bibitemsep=\skip84
\bibnamesep=\skip85
\bibinitsep=\skip86
\bibparsep=\skip87
\bibhang=\skip88
\blx@bcfin=\read3
\blx@bcfout=\write8
\blx@langwohyphens=\language79
\c@mincomprange=\count395
\c@maxcomprange=\count396
\c@mincompwidth=\count397
Package biblatex Info: Trying to load biblatex default data model...
Package biblatex Info: ... file 'blx-dm.def' found.

("C:\Program Files\MiKTeX 2.9\tex/latex/biblatex\blx-dm.def"
File: blx-dm.def 2020/08/23 v3.15a biblatex localization (PK/MW)
)
Package biblatex Info: Trying to load biblatex style data model...
Package biblatex Info: ... file 'ieee.dbx' not found.
Package biblatex Info: Trying to load biblatex custom data model...
Package biblatex Info: ... file 'biblatex-dm.cfg' not found.
\c@afterword=\count398
\c@savedafterword=\count399
\c@annotator=\count400
\c@savedannotator=\count401
\c@author=\count402
\c@savedauthor=\count403
\c@bookauthor=\count404
\c@savedbookauthor=\count405
\c@commentator=\count406
\c@savedcommentator=\count407
\c@editor=\count408
\c@savededitor=\count409
\c@editora=\count410
\c@savededitora=\count411
\c@editorb=\count412
\c@savededitorb=\count413
\c@editorc=\count414
\c@savededitorc=\count415
\c@foreword=\count416
\c@savedforeword=\count417
\c@holder=\count418
\c@savedholder=\count419
\c@introduction=\count420
\c@savedintroduction=\count421
\c@namea=\count422
\c@savednamea=\count423
\c@nameb=\count424
\c@savednameb=\count425
\c@namec=\count426
\c@savednamec=\count427
\c@translator=\count428
\c@savedtranslator=\count429
\c@shortauthor=\count430
\c@savedshortauthor=\count431
\c@shorteditor=\count432
\c@savedshorteditor=\count433
\c@labelname=\count434
\c@savedlabelname=\count435
\c@institution=\count436
\c@savedinstitution=\count437
\c@lista=\count438
\c@savedlista=\count439
\c@listb=\count440
\c@savedlistb=\count441
\c@listc=\count442
\c@savedlistc=\count443
\c@listd=\count444
\c@savedlistd=\count445
\c@liste=\count446
\c@savedliste=\count447
\c@listf=\count448
\c@savedlistf=\count449
\c@location=\count450
\c@savedlocation=\count451
\c@organization=\count452
\c@savedorganization=\count453
\c@origlocation=\count454
\c@savedoriglocation=\count455
\c@origpublisher=\count456
\c@savedorigpublisher=\count457
\c@publisher=\count458
\c@savedpublisher=\count459
\c@language=\count460
\c@savedlanguage=\count461
\c@origlanguage=\count462
\c@savedoriglanguage=\count463
\c@pageref=\count464
\c@savedpageref=\count465
\shorthandwidth=\skip89
\shortjournalwidth=\skip90
\shortserieswidth=\skip91
\shorttitlewidth=\skip92
\shortauthorwidth=\skip93
\shorteditorwidth=\skip94
\locallabelnumberwidth=\skip95
\locallabelalphawidth=\skip96
\localshorthandwidth=\skip97
\localshortjournalwidth=\skip98
\localshortserieswidth=\skip99
\localshorttitlewidth=\skip100
\localshortauthorwidth=\skip101
\localshorteditorwidth=\skip102
Package biblatex Info: Trying to load compatibility code...
Package biblatex Info: ... file 'blx-compat.def' found.

("C:\Program Files\MiKTeX 2.9\tex/latex/biblatex\blx-compat.def"
File: blx-compat.def 2020/08/23 v3.15a biblatex compatibility (PK/MW)
)
("C:\Program Files\MiKTeX 2.9\tex/latex/l3kernel\expl3.sty"
Package: expl3 2020-12-07 L3 programming layer (loader) 

("C:\Program Files\MiKTeX 2.9\tex/latex/l3backend\l3backend-pdftex.def"
File: l3backend-pdftex.def 2020-09-24 L3 backend support: PDF output (pdfTeX)
\l__kernel_color_stack_int=\count466
\l__pdf_internal_box=\box67
))
Package biblatex Info: expl3
(biblatex)             2020-12-07 L3 programming layer (loader) 
(biblatex)             is new enough (at least 2020/04/06),
(biblatex)             setting 'casechanger=expl3'.
Package biblatex Info: Trying to load expl3 case changing code...
Package biblatex Info: ... file 'blx-case-expl3.def' found.

("C:\Program Files\MiKTeX 2.9\tex/latex/biblatex\blx-case-expl3.def"
("C:\Program Files\MiKTeX 2.9\tex/latex/l3packages/xparse\xparse.sty"
Package: xparse 2020-10-27 L3 Experimental document command parser

("C:\Program Files\MiKTeX 2.9\tex/latex/l3packages/xparse\xparse-generic.tex"))
File: blx-case-expl3 2020/08/23 v3.15a expl3 case changing code for biblatex
)
Package biblatex Info: Trying to load generic definitions...
Package biblatex Info: ... file 'biblatex.def' found.
 ("C:\Program Files\MiKTeX 2.9\tex/latex/biblatex\biblatex.def"
File: biblatex.def 2020/08/23 v3.15a biblatex compatibility (PK/MW)
\c@textcitecount=\count467
\c@textcitetotal=\count468
\c@textcitemaxnames=\count469
\c@biburlbigbreakpenalty=\count470
\c@biburlbreakpenalty=\count471
\c@biburlnumpenalty=\count472
\c@biburlucpenalty=\count473
\c@biburllcpenalty=\count474
\biburlbigskip=\muskip18
\biburlnumskip=\muskip19
\biburlucskip=\muskip20
\biburllcskip=\muskip21
\c@smartand=\count475
)
Package biblatex Info: Trying to load bibliography style 'ieee'...
Package biblatex Info: ... file 'ieee.bbx' found.

("C:\Program Files\MiKTeX 2.9\tex/latex/biblatex-ieee\ieee.bbx"
File: ieee.bbx 2020/08/31 v1.3c biblatex bibliography style
Package biblatex Info: Trying to load bibliography style 'numeric-comp'...
Package biblatex Info: ... file 'numeric-comp.bbx' found.

("C:\Program Files\MiKTeX 2.9\tex/latex/biblatex/bbx\numeric-comp.bbx"
File: numeric-comp.bbx 2020/08/23 v3.15a biblatex bibliography style (PK/MW)
Package biblatex Info: Trying to load bibliography style 'numeric'...
Package biblatex Info: ... file 'numeric.bbx' found.

("C:\Program Files\MiKTeX 2.9\tex/latex/biblatex/bbx\numeric.bbx"
File: numeric.bbx 2020/08/23 v3.15a biblatex bibliography style (PK/MW)
Package biblatex Info: Trying to load bibliography style 'standard'...
Package biblatex Info: ... file 'standard.bbx' found.

("C:\Program Files\MiKTeX 2.9\tex/latex/biblatex/bbx\standard.bbx"
File: standard.bbx 2020/08/23 v3.15a biblatex bibliography style (PK/MW)
\c@bbx:relatedcount=\count476
\c@bbx:relatedtotal=\count477
))))
Package biblatex Info: Trying to load citation style 'ieee'...
Package biblatex Info: ... file 'ieee.cbx' found.

("C:\Program Files\MiKTeX 2.9\tex/latex/biblatex-ieee\ieee.cbx"
File: ieee.cbx 2020/08/31 v1.3c biblatex citation style
Package biblatex Info: Trying to load citation style 'numeric-comp'...
Package biblatex Info: ... file 'numeric-comp.cbx' found.

("C:\Program Files\MiKTeX 2.9\tex/latex/biblatex/cbx\numeric-comp.cbx"
File: numeric-comp.cbx 2020/08/23 v3.15a biblatex citation style (PK/MW)
\c@cbx@tempcnta=\count478
\c@cbx@tempcntb=\count479
\c@cbx@tempcntc=\count480
\c@cbx@tempcntd=\count481
Package biblatex Info: Redefining '\cite'.
Package biblatex Info: Redefining '\parencite'.
Package biblatex Info: Redefining '\footcite'.
Package biblatex Info: Redefining '\footcitetext'.
Package biblatex Info: Redefining '\smartcite'.
Package biblatex Info: Redefining '\supercite'.
Package biblatex Info: Redefining '\textcite'.
Package biblatex Info: Redefining '\textcites'.
Package biblatex Info: Redefining '\cites'.
Package biblatex Info: Redefining '\parencites'.
Package biblatex Info: Redefining '\smartcites'.
)
Package biblatex Info: Redefining '\cite'.
Package biblatex Info: Redefining '\cites'.
)
Package biblatex Info: Trying to load configuration file...
Package biblatex Info: ... file 'biblatex.cfg' found.

("C:\Program Files\MiKTeX 2.9\tex/latex/biblatex\biblatex.cfg"
File: biblatex.cfg 
))
("C:\Program Files\MiKTeX 2.9\tex/latex/eso-pic\eso-pic.sty"
Package: eso-pic 2020/10/14 v3.0a eso-pic (RN)
\ESO@tempdima=\dimen281
\ESO@tempdimb=\dimen282
)
\@quotelevel=\count482
\@quotereset=\count483
 ("Urban MCM.aux"
<Reading QR code for "" at level 1-H from aux file.>
)
\openout1 = `"Urban MCM.aux"'.

LaTeX Font Info:    Checking defaults for OML/cmm/m/it on input line 63.
LaTeX Font Info:    ... okay on input line 63.
LaTeX Font Info:    Checking defaults for OMS/cmsy/m/n on input line 63.
LaTeX Font Info:    ... okay on input line 63.
LaTeX Font Info:    Checking defaults for OT1/cmr/m/n on input line 63.
LaTeX Font Info:    ... okay on input line 63.
LaTeX Font Info:    Checking defaults for T1/cmr/m/n on input line 63.
LaTeX Font Info:    ... okay on input line 63.
LaTeX Font Info:    Checking defaults for TS1/cmr/m/n on input line 63.
LaTeX Font Info:    ... okay on input line 63.
LaTeX Font Info:    Checking defaults for OMX/cmex/m/n on input line 63.
LaTeX Font Info:    ... okay on input line 63.
LaTeX Font Info:    Checking defaults for U/cmr/m/n on input line 63.
LaTeX Font Info:    ... okay on input line 63.
LaTeX Font Info:    Checking defaults for PD1/pdf/m/n on input line 63.
LaTeX Font Info:    ... okay on input line 63.
 ("C:\Program Files\MiKTeX 2.9\tex/context/base/mkii\supp-pdf.mkii"
[Loading MPS to PDF converter (version 2006.09.02).]
\scratchcounter=\count484
\scratchdimen=\dimen283
\scratchbox=\box68
\nofMPsegments=\count485
\nofMParguments=\count486
\everyMPshowfont=\toks47
\MPscratchCnt=\count487
\MPscratchDim=\dimen284
\MPnumerator=\count488
\makeMPintoPDFobject=\count489
\everyMPtoPDFconversion=\toks48
) ("C:\Program Files\MiKTeX 2.9\tex/latex/epstopdf-pkg\epstopdf-base.sty"
Package: epstopdf-base 2020-01-24 v2.11 Base part for package epstopdf
Package epstopdf-base Info: Redefining graphics rule for `.eps' on input line 4
85.
)
*geometry* driver: auto-detecting
*geometry* detected driver: pdftex
*geometry* verbose mode - [ preamble ] result:
* driver: pdftex
* paper: a4paper
* layout: <same size as paper>
* layoutoffset:(h,v)=(0.0pt,0.0pt)
* modes: 
* h-part:(L,W,R)=(72.26999pt, 452.9679pt, 72.26999pt)
* v-part:(T,H,B)=(72.26999pt, 700.50687pt, 72.26999pt)
* \paperwidth=597.50787pt
* \paperheight=845.04684pt
* \textwidth=452.9679pt
* \textheight=700.50687pt
* \oddsidemargin=0.0pt
* \evensidemargin=0.0pt
* \topmargin=-31.8738pt
* \headheight=12.0pt
* \headsep=19.8738pt
* \topskip=12.0pt
* \footskip=30.0pt
* \marginparwidth=38.0pt
* \marginparsep=7.0pt
* \columnsep=10.0pt
* \skip\footins=10.8pt plus 4.0pt minus 2.0pt
* \hoffset=0.0pt
* \voffset=0.0pt
* \mag=1000
* \@twocolumnfalse
* \@twosidefalse
* \@mparswitchfalse
* \@reversemarginfalse
* (1in=72.27pt=25.4mm, 1cm=28.453pt)

Package hyperref Info: Link coloring OFF on input line 63.
("C:\Program Files\MiKTeX 2.9\tex/latex/hyperref\nameref.sty"
Package: nameref 2019/09/16 v2.46 Cross-referencing by name of section

("C:\Program Files\MiKTeX 2.9\tex/latex/refcount\refcount.sty"
Package: refcount 2019/12/15 v3.6 Data extraction from label references (HO)
)
("C:\Program Files\MiKTeX 2.9\tex/generic/gettitlestring\gettitlestring.sty"
Package: gettitlestring 2019/12/15 v1.6 Cleanup title references (HO)
)
\c@section@level=\count490
)
LaTeX Info: Redefining \ref on input line 63.
LaTeX Info: Redefining \pageref on input line 63.
LaTeX Info: Redefining \nameref on input line 63.

("Urban MCM.out") ("Urban MCM.out")
\@outlinefile=\write9
\openout9 = `"Urban MCM.out"'.

Package biblatex Info: Trying to load language 'english'...
Package biblatex Info: ... file 'english.lbx' found.

("C:\Program Files\MiKTeX 2.9\tex/latex/biblatex/lbx\english.lbx"
File: english.lbx 2020/08/23 v3.15a biblatex localization (PK/MW)
)
Package biblatex Info: Input encoding 'utf8' detected.
Package biblatex Info: Automatic encoding selection.
(biblatex)             Assuming data encoding 'utf8'.
\openout8 = `"Urban MCM.bcf"'.

Package biblatex Info: Trying to load bibliographic data...
Package biblatex Info: ... file '"Urban MCM".bbl' found.

("Urban MCM.bbl")
Package biblatex Info: Reference section=0 on input line 63.
Package biblatex Info: Reference segment=0 on input line 63.
 

<QR code requested for "" in version 0-M.>
<Error-correction level increased from M to H at no cost.>

Package hyperref Warning: Suppressing link with empty target on input line 65.

<Copying the QR code for "" in version 1-H as previously calculated.>
<Common Figures/RV_newLogo.png, id=246, 916.1728pt x 180.675pt>
File: Common Figures/RV_newLogo.png Graphic file (type png)
<use Common Figures/RV_newLogo.png>
Package pdftex.def Info: Common Figures/RV_newLogo.png  used on input line 65.
(pdftex.def)             Requested size: 452.9679pt x 89.32825pt.
<Common Figures/RV_logoVecw.png, id=248, 496.4949pt x 490.7133pt>
File: Common Figures/RV_logoVecw.png Graphic file (type png)
<use Common Figures/RV_logoVecw.png>
Package pdftex.def Info: Common Figures/RV_logoVecw.png  used on input line 65.

(pdftex.def)             Requested size: 496.49368pt x 490.7121pt.
[1

\openout4 = `"Urban MCM.ist"'.


{C:/Users/Nagendra KJ/AppData/Local/MiKTeX/2.9/pdftex/config/pdftex.map} <./Com
mon Figures/RV_newLogo.png> <./Common Figures/RV_logoVecw.png>]
("Cover Pages/Certificate.tex"
<Common Figures/RV_logoVec.png, id=259, 613.5723pt x 613.5723pt>
File: Common Figures/RV_logoVec.png Graphic file (type png)
<use Common Figures/RV_logoVec.png>
Package pdftex.def Info: Common Figures/RV_logoVec.png  used on input line 13.
(pdftex.def)             Requested size: 113.81102pt x 113.80869pt.

Underfull \hbox (badness 10000) in paragraph at lines 19--35

 []

)pdfTeX warning (ext4): destination with the same identifier (name{page.1}) has
 been already used, duplicate ignored
<to be read again> 
                   \relax 
l.70 \newpage
             
File: Common Figures/RV_logoVecw.png Graphic file (type png)
<use Common Figures/RV_logoVecw.png>
Package pdftex.def Info: Common Figures/RV_logoVecw.png  used on input line 70.

(pdftex.def)             Requested size: 496.49368pt x 490.7121pt.
 [1 <./Common Figures/RV_logoVec.png>]
("Cover Pages/Declaration.tex"
Underfull \hbox (badness 10000) in paragraph at lines 14--14

 []


Underfull \hbox (badness 10000) in paragraph at lines 16--16

 []

)
File: Common Figures/RV_logoVecw.png Graphic file (type png)
<use Common Figures/RV_logoVecw.png>
Package pdftex.def Info: Common Figures/RV_logoVecw.png  used on input line 73.

(pdftex.def)             Requested size: 496.49368pt x 490.7121pt.
 [2] ("Cover Pages/Acknowledgement.tex"
Underfull \hbox (badness 10000) in paragraph at lines 14--14

 []


Underfull \hbox (badness 10000) in paragraph at lines 16--16

 []


Underfull \hbox (badness 10000) in paragraph at lines 18--18

 []


Underfull \hbox (badness 10000) in paragraph at lines 20--20

 []


Underfull \hbox (badness 10000) in paragraph at lines 22--22

 []


Underfull \hbox (badness 10000) in paragraph at lines 24--24

 []

)
File: Common Figures/RV_logoVecw.png Graphic file (type png)
<use Common Figures/RV_logoVecw.png>
Package pdftex.def Info: Common Figures/RV_logoVecw.png  used on input line 76.

(pdftex.def)             Requested size: 496.49368pt x 490.7121pt.
 [3] ("Cover Pages/Abstract.tex"
Underfull \hbox (badness 10000) in paragraph at lines 9--10

 []


Underfull \hbox (badness 10000) in paragraph at lines 13--14

 []

)
File: Common Figures/RV_logoVecw.png Graphic file (type png)
<use Common Figures/RV_logoVecw.png>
Package pdftex.def Info: Common Figures/RV_logoVecw.png  used on input line 80.

(pdftex.def)             Requested size: 496.49368pt x 490.7121pt.
 [1

] ("Urban MCM.toc"
File: Common Figures/RV_logoVecw.png Graphic file (type png)
<use Common Figures/RV_logoVecw.png>
Package pdftex.def Info: Common Figures/RV_logoVecw.png  used on input line 64.

(pdftex.def)             Requested size: 496.49368pt x 490.7121pt.
 [2

]
File: Common Figures/RV_logoVecw.png Graphic file (type png)
<use Common Figures/RV_logoVecw.png>
Package pdftex.def Info: Common Figures/RV_logoVecw.png  used on input line 124
.
(pdftex.def)             Requested size: 496.49368pt x 490.7121pt.
 [3])
\tf@toc=\write10
\openout10 = `"Urban MCM.toc"'.

File: Common Figures/RV_logoVecw.png Graphic file (type png)
<use Common Figures/RV_logoVecw.png>
Package pdftex.def Info: Common Figures/RV_logoVecw.png  used on input line 91.

(pdftex.def)             Requested size: 496.49368pt x 490.7121pt.
 [4] ("Urban MCM.lof")
\tf@lof=\write11
\openout11 = `"Urban MCM.lof"'.

File: Common Figures/RV_logoVecw.png Graphic file (type png)
<use Common Figures/RV_logoVecw.png>
Package pdftex.def Info: Common Figures/RV_logoVecw.png  used on input line 99.

(pdftex.def)             Requested size: 496.49368pt x 490.7121pt.
 [5


] ("Urban MCM.lot")
\tf@lot=\write12
\openout12 = `"Urban MCM.lot"'.

File: Common Figures/RV_logoVecw.png Graphic file (type png)
<use Common Figures/RV_logoVecw.png>
Package pdftex.def Info: Common Figures/RV_logoVecw.png  used on input line 106
.
(pdftex.def)             Requested size: 496.49368pt x 490.7121pt.

[6


] ("Urban MCM.acr"
File: Common Figures/RV_logoVecw.png Graphic file (type png)
<use Common Figures/RV_logoVecw.png>
Package pdftex.def Info: Common Figures/RV_logoVecw.png  used on input line 108
.
(pdftex.def)             Requested size: 496.49368pt x 490.7121pt.
 [7


])
File: Common Figures/RV_logoVecw.png Graphic file (type png)
<use Common Figures/RV_logoVecw.png>
Package pdftex.def Info: Common Figures/RV_logoVecw.png  used on input line 108
.
(pdftex.def)             Requested size: 496.49368pt x 490.7121pt.
 [8] ("Urban MCM.gls")
File: Common Figures/RV_logoVecw.png Graphic file (type png)
<use Common Figures/RV_logoVecw.png>
Package pdftex.def Info: Common Figures/RV_logoVecw.png  used on input line 112
.
(pdftex.def)             Requested size: 496.49368pt x 490.7121pt.
 [9


]
("Chapter 1/Chapter 1 - Introduction.tex"
Chapter 1.

Package Fancyhdr Warning: \headheight is too small (12.0pt): 
Make it at least 16.91533pt.
We now make it that large for the rest of the document.
This may cause the page layout to be inconsistent, however.

pdfTeX warning (ext4): destination with the same identifier (name{page.1}) has 
been already used, duplicate ignored
<to be read again> 
                   \relax 
l.1 ...oduction to Wireless Communication Systems}
                                                  
File: Common Figures/RV_logoVecw.png Graphic file (type png)
<use Common Figures/RV_logoVecw.png>
Package pdftex.def Info: Common Figures/RV_logoVecw.png  used on input line 1.
(pdftex.def)             Requested size: 496.49368pt x 490.7121pt.
 [1



]
<Chapter 1/Figures/Wireless Communication System Block Diagram.jpg, id=464, 552
.8655pt x 183.68625pt>
File: Chapter 1/Figures/Wireless Communication System Block Diagram.jpg Graphic
 file (type jpg)
<use Chapter 1/Figures/Wireless Communication System Block Diagram.jpg>
Package pdftex.def Info: Chapter 1/Figures/Wireless Communication System Block 
Diagram.jpg  used on input line 10.
(pdftex.def)             Requested size: 442.29298pt x 146.94917pt.

Underfull \hbox (badness 10000) in paragraph at lines 19--20

 []

pdfTeX warning (ext4): destination with the same identifier (name{page.2}) has 
been already used, duplicate ignored
<to be read again> 
                   \relax 
l.20 
     
File: Common Figures/RV_logoVecw.png Graphic file (type png)
<use Common Figures/RV_logoVecw.png>
Package pdftex.def Info: Common Figures/RV_logoVecw.png  used on input line 20.

(pdftex.def)             Requested size: 496.49368pt x 490.7121pt.
 [2 <./Chapter 1/Figures/Wireless Communication System Block Diagram.jpg>]pdfTe
X warning (ext4): destination with the same identifier (name{page.3}) has been 
already used, duplicate ignored
<to be read again> 
                   \relax 
l.37 
     
File: Common Figures/RV_logoVecw.png Graphic file (type png)
<use Common Figures/RV_logoVecw.png>
Package pdftex.def Info: Common Figures/RV_logoVecw.png  used on input line 37.

(pdftex.def)             Requested size: 496.49368pt x 490.7121pt.
 [3]
File: Common Figures/RV_logoVecw.png Graphic file (type png)
<use Common Figures/RV_logoVecw.png>
Package pdftex.def Info: Common Figures/RV_logoVecw.png  used on input line 54.

(pdftex.def)             Requested size: 496.49368pt x 490.7121pt.
 [4]
File: Common Figures/RV_logoVecw.png Graphic file (type png)
<use Common Figures/RV_logoVecw.png>
Package pdftex.def Info: Common Figures/RV_logoVecw.png  used on input line 63.

(pdftex.def)             Requested size: 496.49368pt x 490.7121pt.
 [5]
File: Common Figures/RV_logoVecw.png Graphic file (type png)
<use Common Figures/RV_logoVecw.png>
Package pdftex.def Info: Common Figures/RV_logoVecw.png  used on input line 84.

(pdftex.def)             Requested size: 496.49368pt x 490.7121pt.
 [6]) ("Chapter 2/Chapter 2 - Fundamentals.tex"
File: Common Figures/RV_logoVecw.png Graphic file (type png)
<use Common Figures/RV_logoVecw.png>
Package pdftex.def Info: Common Figures/RV_logoVecw.png  used on input line 1.
(pdftex.def)             Requested size: 496.49368pt x 490.7121pt.
 [7]
Chapter 2.
File: Common Figures/RV_logoVecw.png Graphic file (type png)
<use Common Figures/RV_logoVecw.png>
Package pdftex.def Info: Common Figures/RV_logoVecw.png  used on input line 1.
(pdftex.def)             Requested size: 496.49368pt x 490.7121pt.
[8


]
Underfull \hbox (badness 10000) in paragraph at lines 6--8

 []

<Chapter 2/Figures/Path Loss.jpg, id=597, 411.33675pt x 254.1495pt>
File: Chapter 2/Figures/Path Loss.jpg Graphic file (type jpg)
<use Chapter 2/Figures/Path Loss.jpg>
Package pdftex.def Info: Chapter 2/Figures/Path Loss.jpg  used on input line 13
.
(pdftex.def)             Requested size: 411.33574pt x 254.14888pt.
File: Common Figures/RV_logoVecw.png Graphic file (type png)
<use Common Figures/RV_logoVecw.png>
Package pdftex.def Info: Common Figures/RV_logoVecw.png  used on input line 21.

(pdftex.def)             Requested size: 496.49368pt x 490.7121pt.
[9]
<Chapter 2/Figures/Multipath Propagation.jpg, id=605, 395.67825pt x 177.66376pt
>
File: Chapter 2/Figures/Multipath Propagation.jpg Graphic file (type jpg)
<use Chapter 2/Figures/Multipath Propagation.jpg>
Package pdftex.def Info: Chapter 2/Figures/Multipath Propagation.jpg  used on i
nput line 29.
(pdftex.def)             Requested size: 395.67728pt x 177.66331pt.
<Chapter 2/Figures/Interference.jpg, id=614, 408.3255pt x 320.397pt>
File: Chapter 2/Figures/Interference.jpg Graphic file (type jpg)
<use Chapter 2/Figures/Interference.jpg>
Package pdftex.def Info: Chapter 2/Figures/Interference.jpg  used on input line
 37.
(pdftex.def)             Requested size: 408.3245pt x 320.39621pt.
File: Common Figures/RV_logoVecw.png Graphic file (type png)
<use Common Figures/RV_logoVecw.png>
Package pdftex.def Info: Common Figures/RV_logoVecw.png  used on input line 41.

(pdftex.def)             Requested size: 496.49368pt x 490.7121pt.
 [10 <./Chapter 2/Figures/Path Loss.jpg>]
<Chapter 2/Figures/Spatial Diversity.png, id=622, 831.105pt x 245.91875pt>
File: Chapter 2/Figures/Spatial Diversity.png Graphic file (type png)
<use Chapter 2/Figures/Spatial Diversity.png>
Package pdftex.def Info: Chapter 2/Figures/Spatial Diversity.png  used on input
 line 44.
(pdftex.def)             Requested size: 498.66684pt x 147.55237pt.

Overfull \hbox (45.69894pt too wide) in paragraph at lines 44--45
 [][] 
 []

<Chapter 2/Figures/Spatial Multiplexing.jpg, id=623, 621.64992pt x 175.23875pt>

File: Chapter 2/Figures/Spatial Multiplexing.jpg Graphic file (type jpg)
<use Chapter 2/Figures/Spatial Multiplexing.jpg>
Package pdftex.def Info: Chapter 2/Figures/Spatial Multiplexing.jpg  used on in
put line 50.
(pdftex.def)             Requested size: 435.15196pt x 122.66628pt.

Overfull \hbox (16.64183pt too wide) in paragraph at lines 54--54
[]\OT1/cmr/bx/n/17.28 Intersymbol In-ter-fer-ence, Fre-quency Se-lec-tive Fad-
 []

File: Common Figures/RV_logoVecw.png Graphic file (type png)
<use Common Figures/RV_logoVecw.png>
Package pdftex.def Info: Common Figures/RV_logoVecw.png  used on input line 57.

(pdftex.def)             Requested size: 496.49368pt x 490.7121pt.
[11 <./Chapter 2/Figures/Multipath Propagation.jpg>]
File: Common Figures/RV_logoVecw.png Graphic file (type png)
<use Common Figures/RV_logoVecw.png>
Package pdftex.def Info: Common Figures/RV_logoVecw.png  used on input line 57.

(pdftex.def)             Requested size: 496.49368pt x 490.7121pt.
 [12 <./Chapter 2/Figures/Interference.jpg> <./Chapter 2/Figures/Spatial Divers
ity.png (PNG copy)>]
<Chapter 2/Figures/Frequency Selective Fading.jpg, id=649, 413.1435pt x 169.834
5pt>
File: Chapter 2/Figures/Frequency Selective Fading.jpg Graphic file (type jpg)
<use Chapter 2/Figures/Frequency Selective Fading.jpg>
Package pdftex.def Info: Chapter 2/Figures/Frequency Selective Fading.jpg  used
 on input line 60.
(pdftex.def)             Requested size: 413.14247pt x 169.83408pt.
<Chapter 2/Figures/Flat Fading Subchannel.jpg, id=650, 266.1945pt x 181.8795pt>

File: Chapter 2/Figures/Flat Fading Subchannel.jpg Graphic file (type jpg)
<use Chapter 2/Figures/Flat Fading Subchannel.jpg>
Package pdftex.def Info: Chapter 2/Figures/Flat Fading Subchannel.jpg  used on 
input line 67.
(pdftex.def)             Requested size: 266.19385pt x 181.87904pt.
<Chapter 2/Figures/MCM Transmitter.jpg, id=651, 281.853pt x 178.86826pt>
File: Chapter 2/Figures/MCM Transmitter.jpg Graphic file (type jpg)
<use Chapter 2/Figures/MCM Transmitter.jpg>
Package pdftex.def Info: Chapter 2/Figures/MCM Transmitter.jpg  used on input l
ine 74.
(pdftex.def)             Requested size: 281.85231pt x 178.86781pt.
<Chapter 2/Figures/MCM Receiver.jpg, id=652, 352.31625pt x 193.32225pt>
File: Chapter 2/Figures/MCM Receiver.jpg Graphic file (type jpg)
<use Chapter 2/Figures/MCM Receiver.jpg>
Package pdftex.def Info: Chapter 2/Figures/MCM Receiver.jpg  used on input line
 81.
(pdftex.def)             Requested size: 352.31538pt x 193.32178pt.
File: Common Figures/RV_logoVecw.png Graphic file (type png)
<use Common Figures/RV_logoVecw.png>
Package pdftex.def Info: Common Figures/RV_logoVecw.png  used on input line 92.

(pdftex.def)             Requested size: 496.49368pt x 490.7121pt.

[13 <./Chapter 2/Figures/Spatial Multiplexing.jpg> <./Chapter 2/Figures/Frequen
cy Selective Fading.jpg>]
File: Common Figures/RV_logoVecw.png Graphic file (type png)
<use Common Figures/RV_logoVecw.png>
Package pdftex.def Info: Common Figures/RV_logoVecw.png  used on input line 92.

(pdftex.def)             Requested size: 496.49368pt x 490.7121pt.
 [14 <./Chapter 2/Figures/Flat Fading Subchannel.jpg> <./Chapter 2/Figures/MCM 
Transmitter.jpg> <./Chapter 2/Figures/MCM Receiver.jpg>]
Underfull \hbox (badness 10000) in paragraph at lines 99--100

 []


Underfull \hbox (badness 10000) in paragraph at lines 101--103

 []

File: Common Figures/RV_logoVecw.png Graphic file (type png)
<use Common Figures/RV_logoVecw.png>
Package pdftex.def Info: Common Figures/RV_logoVecw.png  used on input line 103
.
(pdftex.def)             Requested size: 496.49368pt x 490.7121pt.
[15]
<Chapter 2/Figures/OFDM Orthogonality.png, id=686, 228.855pt x 108.73958pt>
File: Chapter 2/Figures/OFDM Orthogonality.png Graphic file (type png)
<use Chapter 2/Figures/OFDM Orthogonality.png>
Package pdftex.def Info: Chapter 2/Figures/OFDM Orthogonality.png  used on inpu
t line 106.
(pdftex.def)             Requested size: 228.85443pt x 108.73929pt.
<Chapter 2/Figures/OFDM Symbol Timing.jpg, id=687, 344.487pt x 63.8385pt>
File: Chapter 2/Figures/OFDM Symbol Timing.jpg Graphic file (type jpg)
<use Chapter 2/Figures/OFDM Symbol Timing.jpg>
Package pdftex.def Info: Chapter 2/Figures/OFDM Symbol Timing.jpg  used on inpu
t line 113.
(pdftex.def)             Requested size: 344.48615pt x 63.83833pt.
<Chapter 2/Figures/Cyclic Prefix.jpg, id=696, 343.88475pt x 100.57574pt>
File: Chapter 2/Figures/Cyclic Prefix.jpg Graphic file (type jpg)
<use Chapter 2/Figures/Cyclic Prefix.jpg>
Package pdftex.def Info: Chapter 2/Figures/Cyclic Prefix.jpg  used on input lin
e 120.
(pdftex.def)             Requested size: 343.88391pt x 100.57549pt.
File: Common Figures/RV_logoVecw.png Graphic file (type png)
<use Common Figures/RV_logoVecw.png>
Package pdftex.def Info: Common Figures/RV_logoVecw.png  used on input line 137
.
(pdftex.def)             Requested size: 496.49368pt x 490.7121pt.
 [16 <./Chapter 2/Figures/OFDM Orthogonality.png> <./Chapter 2/Figures/OFDM Sym
bol Timing.jpg> <./Chapter 2/Figures/Cyclic Prefix.jpg>]
Underfull \hbox (badness 10000) in paragraph at lines 139--142

 []

<Chapter 2/Figures/OFDM Transmitter.jpg, id=723, 430.60875pt x 183.68625pt>
File: Chapter 2/Figures/OFDM Transmitter.jpg Graphic file (type jpg)
<use Chapter 2/Figures/OFDM Transmitter.jpg>
Package pdftex.def Info: Chapter 2/Figures/OFDM Transmitter.jpg  used on input 
line 145.
(pdftex.def)             Requested size: 430.60768pt x 183.68578pt.
<Chapter 2/Figures/OFDM Receiver.png, id=725, 803.0pt x 238.8925pt>
File: Chapter 2/Figures/OFDM Receiver.png Graphic file (type png)
<use Chapter 2/Figures/OFDM Receiver.png>
Package pdftex.def Info: Chapter 2/Figures/OFDM Receiver.png  used on input lin
e 152.
(pdftex.def)             Requested size: 481.80373pt x 143.3366pt.

Overfull \hbox (28.83583pt too wide) in paragraph at lines 152--153
 [][] 
 []

File: Common Figures/RV_logoVecw.png Graphic file (type png)
<use Common Figures/RV_logoVecw.png>
Package pdftex.def Info: Common Figures/RV_logoVecw.png  used on input line 165
.
(pdftex.def)             Requested size: 496.49368pt x 490.7121pt.
[17 <./Chapter 2/Figures/OFDM Transmitter.jpg>]
Underfull \hbox (badness 10000) in paragraph at lines 186--188

 []

File: Common Figures/RV_logoVecw.png Graphic file (type png)
<use Common Figures/RV_logoVecw.png>
Package pdftex.def Info: Common Figures/RV_logoVecw.png  used on input line 194
.
(pdftex.def)             Requested size: 496.49368pt x 490.7121pt.
[18 <./Chapter 2/Figures/OFDM Receiver.png>])
File: Common Figures/RV_logoVecw.png Graphic file (type png)
<use Common Figures/RV_logoVecw.png>
Package pdftex.def Info: Common Figures/RV_logoVecw.png  used on input line 123
.
(pdftex.def)             Requested size: 496.49368pt x 490.7121pt.
 [19]
("Chapter 3/Chapter 3 - Design.tex"
File: Common Figures/RV_logoVecw.png Graphic file (type png)
<use Common Figures/RV_logoVecw.png>
Package pdftex.def Info: Common Figures/RV_logoVecw.png  used on input line 1.
(pdftex.def)             Requested size: 496.49368pt x 490.7121pt.
 [20]
Chapter 3.
File: Common Figures/RV_logoVecw.png Graphic file (type png)
<use Common Figures/RV_logoVecw.png>
Package pdftex.def Info: Common Figures/RV_logoVecw.png  used on input line 1.
(pdftex.def)             Requested size: 496.49368pt x 490.7121pt.
[21


]
File: Common Figures/RV_logoVecw.png Graphic file (type png)
<use Common Figures/RV_logoVecw.png>
Package pdftex.def Info: Common Figures/RV_logoVecw.png  used on input line 31.

(pdftex.def)             Requested size: 496.49368pt x 490.7121pt.
 [22]) ("Chapter 4/Chapter 4 - Results and Inferences.tex"
File: Common Figures/RV_logoVecw.png Graphic file (type png)
<use Common Figures/RV_logoVecw.png>
Package pdftex.def Info: Common Figures/RV_logoVecw.png  used on input line 1.
(pdftex.def)             Requested size: 496.49368pt x 490.7121pt.
 [23]
Chapter 4.
File: Common Figures/RV_logoVecw.png Graphic file (type png)
<use Common Figures/RV_logoVecw.png>
Package pdftex.def Info: Common Figures/RV_logoVecw.png  used on input line 1.
(pdftex.def)             Requested size: 496.49368pt x 490.7121pt.
[24


]) ("Chapter 5/chapter 5 - Conclusion and Future Scope.tex"
File: Common Figures/RV_logoVecw.png Graphic file (type png)
<use Common Figures/RV_logoVecw.png>
Package pdftex.def Info: Common Figures/RV_logoVecw.png  used on input line 1.
(pdftex.def)             Requested size: 496.49368pt x 490.7121pt.
 [25]
Chapter 5.
File: Common Figures/RV_logoVecw.png Graphic file (type png)
<use Common Figures/RV_logoVecw.png>
Package pdftex.def Info: Common Figures/RV_logoVecw.png  used on input line 1.
(pdftex.def)             Requested size: 496.49368pt x 490.7121pt.
[26


])
File: Common Figures/RV_logoVecw.png Graphic file (type png)
<use Common Figures/RV_logoVecw.png>
Package pdftex.def Info: Common Figures/RV_logoVecw.png  used on input line 133
.
(pdftex.def)             Requested size: 496.49368pt x 490.7121pt.
 [27]
Overfull \hbox (130.76437pt too wide) in paragraph at lines 136--136
\OT1/cmr/m/n/12 Avail-able: []$\OT1/cmtt/m/n/12 https : / / www . gsmaintellige
nce . com / research / ?file = 3df1b7d57b1e63a0cbc3d585feb82dc2 &
 []


Overfull \hbox (5.16887pt too wide) in paragraph at lines 136--136
\OT1/cmr/m/n/12 some ap-pli-ca-tions,'' \OT1/cmr/m/it/12 IEEE Trans-ac-tions on
 Au-to-matic Con-trol\OT1/cmr/m/n/12 , vol. 25, no. 2, pp. 164{
 []

File: Common Figures/RV_logoVecw.png Graphic file (type png)
<use Common Figures/RV_logoVecw.png>
Package pdftex.def Info: Common Figures/RV_logoVecw.png  used on input line 135
.
(pdftex.def)             Requested size: 496.49368pt x 490.7121pt.
[28



]
File: Common Figures/RV_logoVecw.png Graphic file (type png)
<use Common Figures/RV_logoVecw.png>
Package pdftex.def Info: Common Figures/RV_logoVecw.png  used on input line 139
.
(pdftex.def)             Requested size: 496.49368pt x 490.7121pt.
 [29] ("Urban MCM.aux"
<Reading QR code for "" at level 1-H from aux file.>
)

Package rerunfilecheck Warning: File `"Urban MCM".out' has changed.
(rerunfilecheck)                Rerun to get outlines right
(rerunfilecheck)                or use package `bookmark'.

Package rerunfilecheck Info: Checksums for `"Urban MCM".out':
(rerunfilecheck)             Before: 7606D00780A475F80BCA1A2A4C56367B;4179
(rerunfilecheck)             After:  56939A2D2010F058FF6C467DE003647F;4178.
Package logreq Info: Writing requests to '"Urban MCM".run.xml'.
\openout1 = `"Urban MCM.run.xml"'.

 ) 
Here is how much of TeX's memory you used:
 31582 strings out of 479697
 586802 string characters out of 2875088
 1336554 words of memory out of 3000000
 47877 multiletter control sequences out of 15000+200000
 415105 words of font info for 66 fonts, out of 3000000 for 9000
 1141 hyphenation exceptions out of 8191
 98i,15n,100p,1126b,2125s stack positions out of 5000i,500n,10000p,200000b,50000s
 <C:\Users\Nagendra KJ\AppData\Local\MiKTeX\2.9\fonts/pk/ljfour/jknappen/ec/d
pi600\tcrm1200.pk> <C:\Users\Nagendra KJ\AppData\Local\MiKTeX\2.9\fonts/pk/ljfo
ur/jknappen/ec/dpi600\tcrm1095.pk> <C:\Users\Nagendra KJ\AppData\Local\MiKTeX\2
.9\fonts/pk/ljfour/jknappen/ec/dpi600\tcbx1095.pk><C:/Program Files/MiKTeX 2.9/
fonts/type1/public/amsfonts/cm/cmbx12.pfb><C:/Program Files/MiKTeX 2.9/fonts/ty
pe1/public/amsfonts/cm/cmbxti10.pfb><C:/Program Files/MiKTeX 2.9/fonts/type1/pu
blic/amsfonts/cm/cmcsc10.pfb><C:/Program Files/MiKTeX 2.9/fonts/type1/public/am
sfonts/cm/cmex10.pfb><C:/Program Files/MiKTeX 2.9/fonts/type1/public/amsfonts/c
m/cmmi12.pfb><C:/Program Files/MiKTeX 2.9/fonts/type1/public/amsfonts/cm/cmmi8.
pfb><C:/Program Files/MiKTeX 2.9/fonts/type1/public/amsfonts/cm/cmr12.pfb><C:/P
rogram Files/MiKTeX 2.9/fonts/type1/public/amsfonts/cm/cmr8.pfb><C:/Program Fil
es/MiKTeX 2.9/fonts/type1/public/amsfonts/cm/cmssbx10.pfb><C:/Program Files/MiK
TeX 2.9/fonts/type1/public/amsfonts/cm/cmsy10.pfb><C:/Program Files/MiKTeX 2.9/
fonts/type1/public/amsfonts/cm/cmsy8.pfb><C:/Program Files/MiKTeX 2.9/fonts/typ
e1/public/amsfonts/cm/cmti12.pfb><C:/Program Files/MiKTeX 2.9/fonts/type1/publi
c/amsfonts/cm/cmtt12.pfb>
Output written on "Urban MCM.pdf" (42 pages, 1162468 bytes).
PDF statistics:
 910 PDF objects out of 1000 (max. 8388607)
 184 named destinations out of 1000 (max. 500000)
 583 words of extra memory for PDF output out of 10000 (max. 10000000)

